[16:54:41] [main/INFO] (FabricLoader/GameProvider) Loading Minecraft 1.19.3 with Fabric Loader 0.14.13
[16:54:41] [main/INFO] (FabricLoader) Loading 47 mods:
	- fabric-api 0.73.2+1.19.3
	- fabric-api-base 0.4.21+70be179c85
	- fabric-api-lookup-api-v1 1.6.20+49abcf7e85
	- fabric-biome-api-v1 12.1.1+b5d379b085
	- fabric-block-api-v1 1.0.5+e022e5d185
	- fabric-blockrenderlayer-v1 1.1.30+c6af733c85
	- fabric-client-tags-api-v1 1.0.12+1134c5b885
	- fabric-command-api-v2 2.2.1+3fc4752e85
	- fabric-content-registries-v0 3.5.1+1d37d50285
	- fabric-convention-tags-v1 1.2.2+8e4e694f85
	- fabric-crash-report-info-v1 0.2.14+aeb40ebe85
	- fabric-data-generation-api-v1 11.2.1+06937c4b85
	- fabric-dimensions-v1 2.1.41+48349a3f85
	- fabric-entity-events-v1 1.5.7+b83334a085
	- fabric-events-interaction-v0 0.4.40+3baeb27a85
	- fabric-game-rule-api-v1 1.0.30+99f9db8085
	- fabric-gametest-api-v1 1.1.17+1134c5b885
	- fabric-item-api-v1 2.1.10+312c329485
	- fabric-item-group-api-v1 2.1.12+1134c5b885
	- fabric-key-binding-api-v1 1.0.31+bc01e09785
	- fabric-lifecycle-events-v1 2.2.10+23a79c8a85
	- fabric-loot-api-v2 1.1.20+75e9821185
	- fabric-message-api-v1 5.0.14+6ede1da985
	- fabric-mining-level-api-v1 2.1.31+49abcf7e85
	- fabric-models-v0 0.3.27+11ba9c3b85
	- fabric-networking-api-v1 1.2.17+4017a8cb85
	- fabric-object-builder-api-v1 5.4.1+eb2a3ba985
	- fabric-particles-v1 1.0.20+f1e4495b85
	- fabric-recipe-api-v1 1.0.1+5176f73d85
	- fabric-registry-sync-v0 2.0.5+1134c5b885
	- fabric-renderer-api-v1 2.2.1+9f179aa185
	- fabric-renderer-indigo 0.7.1+9f179aa185
	- fabric-rendering-data-attachment-v1 0.3.25+afca2f3e85
	- fabric-rendering-fluids-v1 3.0.18+f1e4495b85
	- fabric-rendering-v1 1.12.1+eb2a3ba985
	- fabric-resource-conditions-api-v1 2.2.3+1134c5b885
	- fabric-resource-loader-v0 0.10.5+a91e48b785
	- fabric-screen-api-v1 1.0.41+f1e4495b85
	- fabric-screen-handler-api-v1 1.3.13+99f9db8085
	- fabric-sound-api-v1 1.0.8+75e9821185
	- fabric-transfer-api-v1 2.1.15+ccd377ba85
	- fabric-transitive-access-wideners-v1 2.3.1+5b9a588b85
	- fabricloader 0.14.13
	- java 17
	- minecraft 1.19.3
	- modid 1.0.0
	- modmenu 5.0.2
[16:54:43] [main/INFO] (FabricLoader/Mixin) SpongePowered MIXIN Subsystem Version=0.8.5 Source=file:/Users/music/.gradle/caches/modules-2/files-2.1/net.fabricmc/sponge-mixin/0.11.4+mixin.0.8.5/c1dc27696aa4006e492c2485c9ccbcb26045a971/sponge-mixin-0.11.4+mixin.0.8.5.jar Service=Knot/Fabric Env=CLIENT
[16:54:43] [main/INFO] (FabricLoader/Mixin) Loaded Fabric development mappings for mixin remapper!
[16:54:43] [main/INFO] (FabricLoader/Mixin) Compatibility level set to JAVA_17
[16:54:46] [main/INFO] (Minecraft) Building optimized datafixer
[16:54:48] [Render thread/INFO] (Minecraft) Environment: authHost='https://authserver.mojang.com', accountsHost='https://api.mojang.com', sessionHost='https://sessionserver.mojang.com', servicesHost='https://api.minecraftservices.com', name='PROD'
[16:54:48] [Render thread/ERROR] (Minecraft) Failed to verify authentication
com.mojang.authlib.exceptions.InvalidCredentialsException: Status: 401
	at com.mojang.authlib.exceptions.MinecraftClientHttpException.toAuthenticationException(MinecraftClientHttpException.java:56) ~[authlib-3.16.29.jar:?]
	at com.mojang.authlib.yggdrasil.YggdrasilUserApiService.fetchProperties(YggdrasilUserApiService.java:156) ~[authlib-3.16.29.jar:?]
	at com.mojang.authlib.yggdrasil.YggdrasilUserApiService.<init>(YggdrasilUserApiService.java:55) ~[authlib-3.16.29.jar:?]
	at com.mojang.authlib.yggdrasil.YggdrasilAuthenticationService.createUserApiService(YggdrasilAuthenticationService.java:161) ~[authlib-3.16.29.jar:?]
	at net.minecraft.client.MinecraftClient.createUserApiService(MinecraftClient.java:707) ~[minecraft-merged-project-root-1.19.3-net.fabricmc.yarn.1_19_3.1.19.3+build.5-v2.jar:?]
	at net.minecraft.client.MinecraftClient.<init>(MinecraftClient.java:504) ~[minecraft-merged-project-root-1.19.3-net.fabricmc.yarn.1_19_3.1.19.3+build.5-v2.jar:?]
	at net.minecraft.client.main.Main.main(Main.java:184) ~[minecraft-merged-project-root-1.19.3-net.fabricmc.yarn.1_19_3.1.19.3+build.5-v2.jar:?]
	at net.minecraft.client.main.Main.main(Main.java:56) ~[minecraft-merged-project-root-1.19.3-net.fabricmc.yarn.1_19_3.1.19.3+build.5-v2.jar:?]
	at net.fabricmc.loader.impl.game.minecraft.MinecraftGameProvider.launch(MinecraftGameProvider.java:461) ~[fabric-loader-0.14.13.jar:?]
	at net.fabricmc.loader.impl.launch.knot.Knot.launch(Knot.java:74) ~[fabric-loader-0.14.13.jar:?]
	at net.fabricmc.loader.impl.launch.knot.KnotClient.main(KnotClient.java:23) ~[fabric-loader-0.14.13.jar:?]
	at net.fabricmc.devlaunchinjector.Main.main(Main.java:86) ~[dev-launch-injector-0.2.1+build.8.jar:?]
Caused by: com.mojang.authlib.exceptions.MinecraftClientHttpException: Status: 401
	at com.mojang.authlib.minecraft.client.MinecraftClient.readInputStream(MinecraftClient.java:87) ~[authlib-3.16.29.jar:?]
	at com.mojang.authlib.minecraft.client.MinecraftClient.get(MinecraftClient.java:48) ~[authlib-3.16.29.jar:?]
	at com.mojang.authlib.yggdrasil.YggdrasilUserApiService.fetchProperties(YggdrasilUserApiService.java:129) ~[authlib-3.16.29.jar:?]
	... 10 more
[16:54:48] [Render thread/INFO] (Minecraft) Setting user: Player674
[16:54:49] [Render thread/INFO] (examplemod) Registering Mod Items for examplemod
[16:54:49] [Render thread/INFO] (examplemod) Registering ModBlocks for examplemod
[16:54:49] [Render thread/INFO] (examplemod) Hello Fabric world!
[16:54:49] [Render thread/INFO] (Indigo) [Indigo] Registering Indigo renderer!
[16:54:49] [Render thread/INFO] (Minecraft) Backend library: LWJGL version 3.3.1 SNAPSHOT
[16:54:50] [Render thread/INFO] (Minecraft) Reloading ResourceManager: vanilla, Fabric Mods (Fabric Recipe API (v1), Fabric Loot API (v2), Fabric Sound API (v1), Fabric Particles (v1), Example Mod, Fabric Rendering Fluids (v1), Fabric Rendering (v1), Mod Menu, Fabric Models (v0), Fabric API Lookup API (v1), Fabric Command API (v2), Fabric Convention Tags, Fabric Rendering Data Attachment (v1), Fabric Renderer - Indigo, Fabric Key Binding API (v1), Fabric BlockRenderLayer Registration (v1), Fabric Game Rule API (v1), Fabric Block API (v1), Fabric Transitive Access Wideners (v1), Fabric Item Group API (v1), Fabric Registry Sync (v0), Fabric Screen API (v1), Fabric Renderer API (v1), Fabric Object Builder API (v1), Fabric Data Generation API (v1), Fabric Networking API (v1), Fabric Events Interaction (v0), Fabric Biome API (v1), Fabric Crash Report Info (v1), Fabric Loader, Fabric Game Test API (v1), Fabric Message API (v1), Fabric Transfer API (v1), Fabric Lifecycle Events (v1), Fabric Mining Level API (v1), Fabric Client Tags, Fabric Content Registries (v0), Fabric Entity Events (v1), Fabric Dimensions API (v1), Fabric Resource Conditions API (v1), Fabric Screen Handler API (v1), Fabric Item API (v1), Fabric API, Fabric Resource Loader (v0), Fabric API Base)
[16:54:50] [Render thread/INFO] (examplemod) This line is printed by an example mod mixin!
[16:54:50] [Realms Notification Availability checker #1/INFO] (Minecraft) Could not authorize you against Realms server: Invalid session id
[16:54:52] [Render thread/WARN] (Minecraft) Missing sound for event: minecraft:item.goat_horn.play
[16:54:52] [Render thread/WARN] (Minecraft) Missing sound for event: minecraft:entity.goat.screaming.horn_break
[16:54:53] [Render thread/INFO] (Minecraft) OpenAL initialized on device CoreAudio Default
[16:54:53] [Render thread/INFO] (Minecraft) Sound engine started
[16:54:53] [Render thread/INFO] (Minecraft) Created: 1024x1024x4 minecraft:textures/atlas/blocks.png-atlas
[16:54:53] [Render thread/INFO] (Minecraft) Created: 512x256x4 minecraft:textures/atlas/signs.png-atlas
[16:54:53] [Render thread/INFO] (Minecraft) Created: 1024x512x4 minecraft:textures/atlas/shield_patterns.png-atlas
[16:54:53] [Render thread/INFO] (Minecraft) Created: 1024x512x4 minecraft:textures/atlas/banner_patterns.png-atlas
[16:54:53] [Render thread/INFO] (Minecraft) Created: 256x256x4 minecraft:textures/atlas/chest.png-atlas
[16:54:53] [Render thread/INFO] (Minecraft) Created: 512x256x4 minecraft:textures/atlas/shulker_boxes.png-atlas
[16:54:53] [Render thread/INFO] (Minecraft) Created: 512x256x4 minecraft:textures/atlas/beds.png-atlas
[16:54:53] [Render thread/WARN] (Minecraft) Shader rendertype_entity_translucent_emissive could not find sampler named Sampler2 in the specified shader program.
[16:54:54] [Render thread/INFO] (Minecraft) Created: 512x256x0 minecraft:textures/atlas/particles.png-atlas
[16:54:54] [Render thread/INFO] (Minecraft) Created: 256x256x0 minecraft:textures/atlas/paintings.png-atlas
[16:54:54] [Render thread/INFO] (Minecraft) Created: 256x128x0 minecraft:textures/atlas/mob_effects.png-atlas
[16:54:54] [Render thread/INFO] (examplemod) This line is printed by an example mod mixin!
